Kafka 定义了两类副本：领导者副本（Leader Replica）和追随者副本（Follower Replica）。
前者对外提供服务，这里的对外指的是与客户端程序进行交互；
而后者只是被动地追随领导者副本而已，不能与外界进行交互。


副本的工作机制：生产者总是向领导者副本写消息；而消费者总是从领导者副本读消息。至于追随者副本，它只做一件事：向领导者副本发送请求，请求领导者把最新生产的消息发给它，这样它能保持与领导者的同步。

伸缩机制：分区
分区机制指的是将每个主题划分成多个分区（Partition），每个分区是一组有序的消息日志。生产者生产的每条消息只会被发送到一个分区中，也就是说如果向一个双分区的主题发送一条消息，这条消息要么在分区 0 中，要么在分区 1 中。如你所见，Kafka 的分区编号是从 0 开始的，如果 Topic 有 100 个分区，那么它们的分区号就是从 0 到 99。
实际上，副本是在分区这个层级定义的。每个分区下可以配置若干个副本，其中只能有 1 个领导者副本和 N-1 个追随者副本。生产者向分区写入消息，每条消息在分区中的位置信息由一个叫位移（Offset）的数据来表征。分区位移总是从 0 开始，假设一个生产者向一个空分区写入了 10 条消息，那么这 10 条消息的位移依次是 0、1、2、......、9。


持久化数据的：Kafka 使用消息日志（Log）来保存数据，一个日志就是磁盘上一个只能追加写（Append-only）消息的物理文件。因为只能追加写入，故避免了缓慢的随机 I/O 操作，改为性能较好的顺序 I/O 写操作，这也是实现 Kafka 高吞吐量特性的一个重要手段


 Kafka必然要定期地删除消息以回收磁盘：是通过日志段（Log Segment）机制。在Kafka底层，一个日志又进一步细分成多个日志段，消息被追加写到当前最新的日志段中，当写满了一个日志段后，Kafka 会自动切分出一个新的日志段，并将老的日志段封存起来。Kafka在后台还有定时任务会定期地检查老的日志段是否能够被删除，从而实现回收磁盘空间的目的

点对点指的是同一条消息只能被下游的一个消费者消费，其他消费者则不能染指。在 Kafka 中实现这种 P2P 模型的方法就是引入了消费者组（Consumer Group）。所谓的消费者组，指的是多个消费者实例共同组成一个组来消费一组主题。这组主题中的每个分区都只会被组内的一个消费者实例消费，其他消费者实例不能消费它。为什么要引入消费者组呢？主要是为了提升消费者端的吞吐量。多个消费者实例同时消费，加速整个消费端的吞吐量（TPS）

消费者组里面的所有消费者实例不仅“瓜分”订阅主题的数据，而且更酷的是它们还能彼此协助。假设组内某个实例挂掉了，Kafka 能够自动检测到，然后把这个 Failed 实例之前负责的分区转移给其他活着的消费者。这个过程就是 Kafka 中大名鼎鼎的“重平衡”（Rebalance）。嗯，其实既是大名鼎鼎，也是臭名昭著，因为由重平衡引发的消费者问题比比皆是。事实上，目前很多重平衡的 Bug 社区都无力解决。

每个消费者在消费消息的过程中必然需要有个字段记录它当前消费到了分区的哪个位置上，这个字段就是消费者位移（Consumer Offset）。注意，这和上面所说的位移完全不是一个概念。上面的“位移”表征的是分区内的消息位置，它是不变的，即一旦消息被成功写入到一个分区上，它的位移值就是固定的了。而消费者位移则不同，它可能是随时变化的，毕竟它是消费者消费进度的指示器嘛。另外每个消费者有着自己的消费者位移，因此一定要区分这两类位移的区别。我个人把消息在分区中的位移称为分区位移，而把消费者端的位移称为消费者位移。


名词术语：
消息：Record。Kafka 是消息引擎嘛，这里的消息就是指 Kafka 处理的主要对象。
主题：Topic。主题是承载消息的逻辑容器，在实际使用中多用来区分具体的业务。
分区：Partition。一个有序不变的消息序列。每个主题下可以有多个分区。
消息位移：Offset。表示分区中每条消息的位置信息，是一个单调递增且不变的值。
副本：Replica。Kafka 中同一条消息能够被拷贝到多个地方以提供数据冗余，这些地方就是所谓的副本。副本还分为领导者副本和追随者副本，各自有不同的角色划分。副本是在分区层级下的，即每个分区可配置多个副本实现高可用。
生产者：Producer。向主题发布新消息的应用程序。
消费者：Consumer。从主题订阅新消息的应用程序。
消费者位移：Consumer Offset。表征消费者消费进度，每个消费者都有自己的消费者位移。
消费者组：Consumer Group。多个消费者实例共同组成的一个组，同时消费多个分区以实现高吞吐。
重平衡：Rebalance。消费者组内某个消费者实例挂掉后，其他消费者实例自动重新分配订阅主题分区的过程。Rebalance 是 Kafka 消费者端实现高可用的重要手段。


静态参数，是指你必须在 Kafka 的配置文件 server.properties 中进行设置的参数，不管你是新增、修改还是删除。同时，必须重启 Broker 进程才能令它们生效。
主题级别参数的设置则有所不同，Kafka 提供了专门的 kafka-configs 命令来修改它们。
JVM 端参数
操作系统级别的参数

Broker配置存储信息：
log.dirs：这是非常重要的参数，指定了 Broker 需要使用的若干个文件目录路径，用逗号分隔的多个路径，比如/home/kafka1,/home/kafka2,/home/kafka3
log.dir：注意这是 dir，结尾没有 s，说明它只能表示单个路径，它是补充上一个参数用的。
目录挂载到不同的物理磁盘上，好处：
1.提升读写性能：比起单块磁盘，多块物理磁盘同时读写数据有更高的吞吐量。
2.能够实现故障转移：即 Failover。这是Kafka1.1版本新引入的强大功能。以前，只要KafkaBroker使用的任何一块磁盘挂掉了，整个 Broker 进程都会关闭。但是自 1.1 开始，这种情况被修正了，坏掉的磁盘上的数据会自动地转移到其他正常的磁盘上，而且 Broker 还能正常工作。这个改进正是我们舍弃 RAID 方案的基础：没有这种 Failover 的话，我们只能依靠 RAID 来提供保障。

ZooKeeper：是一个分布式协调框架，负责协调管理并保存 Kafka 集群的所有元数据信息，比如集群都有哪些 Broker 在运行、创建了哪些 Topic，每个 Topic 都有多少分区以及这些分区的 Leader 副本都在哪些机器上等信息

Kafka 与 ZooKeeper 相关的最重要的参数当属zookeeper.connect。这也是一个 CSV 格式的参数，比如我可以指定它的值为zk1:2181,zk2:2181,zk3:2181。2181 是 ZooKeeper 的默认端口。

第三组参数是与 Broker 连接相关的，即客户端程序或其他 Broker 如何与该 Broker 进行通信的设置。有以下三个参数：
listeners：学名叫监听器，其实就是告诉外部连接者要通过什么协议访问指定主机名和端口开放的 Kafka 服务。
advertised.listeners：和 listeners 相比多了个 advertised。Advertised 的含义表示宣称的、公布的，就是说这组监听器是 Broker 用于对外发布的。


auto.create.topics.enable参数我建议最好设置成 false，即不允许自动创建 Topic。在我们的线上环境里面有很多名字稀奇古怪的 Topic，我想大概都是因为该参数被设置成了 true 的缘故。

unclean.leader.election.enable是关闭 Unclean Leader 选举的。何谓 Unclean？还记得 Kafka 有多个副本这件事吗？每个分区都有多个副本来提供高可用。在这些副本中只能有一个副本对外提供服务，即所谓的 Leader 副本。
那么问题来了，这些副本都有资格竞争 Leader 吗？显然不是，只有保存数据比较多的那些副本才有资格竞选，那些落后进度太多的副本没资格做这件事。
好了，现在出现这种情况了：假设那些保存数据比较多的副本都挂了怎么办？我们还要不要进行 Leader 选举了？此时这个参数就派上用场了。
如果设置成 false，那么就坚持之前的原则，坚决不能让那些落后太多的副本竞选 Leader。这样做的后果是这个分区就不可用了，因为没有 Leader 了。反之如果是 true，那么 Kafka 允许你从那些“跑得慢”的副本中选一个出来当 Leader。这样做的后果是数据有可能就丢失了，因为这些副本保存的数据本来就不全，当了 Leader 之后它本人就变得膨胀了，认为自己的数据才是权威的。

auto.leader.rebalance.enable的影响貌似没什么人提，但其实对生产环境影响非常大。设置它的值为 true 表示允许 Kafka 定期地对一些 Topic 分区进行 Leader 重选举，当然这个重选举不是无脑进行的，它要满足一定的条件才会发生。严格来说它与上一个参数中 Leader 选举的最大不同在于，它不是选 Leader，而是换 Leader！比如 Leader A 一直表现得很好，但若auto.leader.rebalance.enable=true，那么有可能一段时间后 Leader A 就要被强行卸任换成 Leader B。换一次 Leader 代价很高的，原本向 A 发送请求的所有客户端都要切换成向 B 发送请求，而且这种换 Leader 本质上没有任何性能收益，因此我建议你在生产环境中把这个参数设置成 false。

log.retention.{hours|minutes|ms}：这是个“三兄弟”，都是控制一条消息数据被保存多长时间。从优先级上来说 ms 设置最高、minutes 次之、hours 最低。通常情况下我们还是设置 hours 级别的多一些，log.retention.hours=168表示默认保存 7 天的数据，自动删除 7 天前的数据


log.retention.bytes：这是指定 Broker 为消息保存的总磁盘容量大小。值默认是 -1，表明你想在这台 Broker 上保存多少数据都可以，不会做任何阻拦，为了避免有个“恶意”租户使用过多的磁盘空间，设置这个参数就显得至关重要了。

message.max.bytes：控制 Broker 能够接收的最大消息大小。


如果同时设置了 Topic 级别参数和全局 Broker 参数，到底听谁的呢？哪个说了算呢？答案就是 Topic 级别参数会覆盖全局 Broker 参数的值，而每个 Topic 都能设置自己的参数值，这就是所谓的 Topic 级别参数。

Kafka 的消息组织方式实际上是三级结构：主题 - 分区 - 消息。主题下的每条消息只会保存在某一个分区中，而不会在多个分区中被保存多份。
其实分区的作用就是提供负载均衡的能力，或者说对数据进行分区的主要原因，就是为了实现系统的高伸缩性（Scalability）。不同的分区能够被放置到不同节点的机器上，而数据的读写操作也都是针对分区这个粒度而进行的，这样每个节点的机器都能独立地执行各自分区的读写请求处理。并且，我们还可以通过添加新的节点机器来增加整体系统的吞吐量。

分区策略是决定生产者将消息发送到哪个分区的算法。Kafka 为我们提供了默认的分区策略，同时它也支持你自定义分区策略。

分区策略：
轮询策略是 Kafka Java 生产者 API 默认提供的分区策略。如果你未指定partitioner.class参数，那么你的生产者程序会按照轮询的方式在主题的所有分区间均匀地“码放”消息。

Kafka 允许为每条消息定义消息键，简称为 Key。一旦消息被定义了 Key，那么你就可以保证同一个 Key 的所有消息都进入到相同的分区里面，由于每个分区下的消息处理都是有顺序的，故这个策略被称为按消息键保序策略，

Kafka 默认分区策略实际上同时实现了两种策略：如果指定了 Key，那么默认实现按消息键保序策略；如果没有指定 Key，则使用轮询策略。

Kafka 的消息层次都分为两层：消息集合（message set）以及消息（message）。一个消息集合中包含若干条日志项（record item），而日志项才是真正封装消息的地方。Kafka 底层的消息日志由一系列消息集合日志项组成。Kafka 通常不会直接操作具体的一条条消息，它总是在消息集合这个层面上进行写入操作。


Producer 端压缩、Broker 端保持、Consumer 端解压缩。消息格式转换时发生的解压缩是不同的场景。每个压缩过的消息集合在 Broker 端写入时都要发生解压缩操作，目的就是为了对消息执行各种验证。我们必须承认这种解压缩对Broker端性能是有一定影响的，特别是对 CPU 的使用率而

 Kafka Producer 是异步发送消息的，也就是说如果你调用的是 producer.send(msg) 这个 API，那么它通常会立即返回，但此时你不能认为消息发送已成功完成。


Consumer 程序有个“位移”的概念，表示的是这个 Consumer 当前消费到的 Topic 分区的位置


如果是多线程异步处理消费消息，Consumer 程序不要开启自动提交位移，而是要应用程序手动提交位移。
单个 Consumer 程序使用多线程来消费消息说起来容易，写成代码却异常困难，因为你很难正确地处理位移的更新，也就是说避免无消费消息丢失很简单，但极易出现消息被消费了多次的情况。

无消息丢失的配置：
1.不要使用 producer.send(msg)，而要使用 producer.send(msg, callback)。记住，一定要使用带有回调通知的 send 方法。
2.设置 acks = all。acks 是 Producer 的一个参数，代表了你对“已提交”消息的定义。如果设置成 all，则表明所有副本 Broker 都要接收到消息，该消息才算是“已提交”。这是最高等级的“已提交”定义。
3.设置 retries 为一个较大的值。这里的 retries 同样是 Producer 的参数，对应前面提到的 Producer 自动重试。当出现网络的瞬时抖动时，消息发送可能会失败，此时配置了 retries > 0 的 Producer 能够自动重试消息发送，避免消息丢失。
4.设置 unclean.leader.election.enable = false。这是 Broker 端的参数，它控制的是哪些 Broker 有资格竞选分区的 Leader。如果一个 Broker 落后原先的 Leader 太多，那么它一旦成为新的 Leader，必然会造成消息的丢失。故一般都要将该参数设置成 false，即不允许这种情况的发生。
5.设置 replication.factor >= 3。这也是 Broker 端的参数。其实这里想表述的是，最好将消息多保存几份，毕竟目前防止消息丢失的主要机制就是冗余。
6.设置 min.insync.replicas > 1。这依然是 Broker端参数，控制的是消息至少要被写入到多少个副本才算是“已提交”。设置成大于 1 可以提升消息持久性。在实际环境中千万不要使用默认值 1。
7.确保 replication.factor > min.insync.replicas。如果两者相等，那么只要有一个副本挂机，整个分区就无法正常工作了。我们不仅要改善消息的持久性，防止数据丢失，还要在不降低可用性的基础上完成。推荐设置成 replication.factor = min.insync.replicas + 1。
8.确保消息消费完成再提交。Consumer 端有个参数 enable.auto.commit，最好把它设置成 false，并采用手动提交位移的方式。就像前面说的，这对于单 Consumer 多线程处理的场景而言是至关重要的


Kafka 拦截器
Kafka 拦截器分为生产者拦截器和消费者拦截器。生产者拦截器允许你在发送消息前以及消息提交成功后植入你的拦截器逻辑；而消费者拦截器支持在消费消息前以及提交位移后编写特定逻辑。值得一提的是，这两种拦截器都支持链的方式，即你可以将一组拦截器串连成一个大的拦截器，Kafka 会按照添加顺序依次执行拦截器逻辑。

Kafka 自动帮你做消息的重复去重。底层具体的原理很简单，就是经典的用空间去换时间的优化思路，即在 Broker 端多保存一些字段。当 Producer 发送了具有相同字段值的消息后，Broker 能够自动知晓这些消息已经重复了，于是可以在后台默默地把它们“丢弃”掉。

它只能保证单分区上的幂等性，即一个幂等性 Producer 能够保证某个主题的一个分区上不出现重复消息，它无法实现多个分区的幂等性。其次，它只能实现单会话上的幂等性，不能实现跨会话的幂等性。这里的会话，你可以理解为 Producer 进程的一次运行。当你重启了 Producer 进程之后，这种幂等性保证就丧失了。


实现多分区以及多会话上的消息无重复，应该怎么做呢？答案就是事务（transaction）或者依赖事务型 Producer


Consumer Group 是 Kafka 提供的可扩展且具有容错性的消费者机制。既然是一个组，那么组内必然可以有多个消费者或消费者实例（Consumer Instance），它们共享一个公共的 ID，这个 ID 被称为 Group ID。组内的所有消费者协调在一起来消费订阅主题（Subscribed Topics）的所有分区（Partition）。当然，每个分区只能由同一个消费者组内的一个 Consumer 实例来消费。


Consumer Group 下所有实例订阅的主题的单个分区，只能分配给组内的某个 Consumer 实例消费。这个分区当然也可以被其他的 Group 消费。


Rebalance 本质上是一种协议，规定了一个 Consumer Group 下的所有 Consumer 如何达成一致，来分配订阅 Topic 的每个分区。比如某个 Group 下有 20 个 Consumer 实例，它订阅了一个具有 100 个分区的 Topic。正常情况下，Kafka 平均会为每个 Consumer 分配 5 个分区。这个分配的过程就叫 Rebalance。
那么 Consumer Group 何时进行 Rebalance 呢？Rebalance 的触发条件有 3 个。
组成员数发生变更。比如有新的 Consumer 实例加入组或者离开组，抑或是有 Consumer 实例崩溃被“踢出”组。
订阅主题数发生变更。Consumer Group 可以使用正则表达式的方式订阅主题，比如 consumer.subscribe(Pattern.compile("t.*c")) 就表明该 Group 订阅所有以字母 t 开头、字母 c 结尾的主题。在 Consumer Group 的运行过程中，你新创建了一个满足这样条件的主题，那么该 Group 就会发生 Rebalance。
订阅主题的分区数发生变更。Kafka 当前只能允许增加一个主题的分区数。当分区数增加时，就会触发订阅该主题的所有 Group 开启 Rebalance。


在 Rebalance 过程中，所有 Consumer 实例都会停止消费，等待 Rebalance 完成。对 Consumer Group 消费过程有极大的影响

目前 Rebalance 的设计是所有 Consumer 实例共同参与，全部重新分配所有分区。其实更高效的做法是尽量减少分配方案的变动。例如实例 A 之前负责消费分区 1、2、3，那么 Rebalance 之后，如果可能的话，最好还是让实例 A 继续消费分区 1、2、3，而不是被重新分配其他的分区。这样的话，实例 A 连接这些分区所在 Broker 的 TCP 连接就可以继续用，不用重新创建连接其他 Broker 的 Socket 资源。

用于保存 Consumer Group 信息的消息。
用于删除 Group 过期位移甚至是删除 Group 的消息。
第 1 种格式非常神秘，以至于你几乎无法在搜索引擎中搜到它的身影。不过，你只需要记住它是用来注册 Consumer Group 的就可以了。
第 2 种格式相对更加有名一些。它有个专属的名字：tombstone 消息，即墓碑消息，也称 delete mark。下次你在 Google 或百度中见到这些词，不用感到惊讶，它们指的是一个东西。这些消息只出现在源码中而不暴露给你。它的主要特点是它的消息体是 null，即空消息体。

那么，何时会写入这类消息呢？一旦某个 Consumer Group 下的所有 Consumer 实例都停止了，而且它们的位移数据都已被删除时，Kafka 会向位移主题的对应分区写入 tombstone 消息，表明要彻底删除这个 Group 的信息

位移主题 __consumer_offsets，
位移主题是怎么被创建的。通常来说，当 Kafka 集群中的第一个 Consumer 程序启动时，Kafka 会自动创建位移主题。我们说过，位移主题就是普通的 Kafka 主题，那么它自然也有对应的分区数。但如果是 Kafka 自动创建的，分区数是怎么设置的呢？这就要看 Broker 端参数 offsets.topic.num.partitions 的取值了。它的默认值是 50，因此 Kafka 会自动创建一个 50 分区的位移主题。

如果位移主题是 Kafka 自动创建的，那么该主题的分区数是 50，副本数是 3。

 Kafka Consumer 提交位移时会写入该主题，那 Consumer 是怎么提交位移的呢？目前 Kafka Consumer 提交位移的方式有两种：自动提交位移和手动提交位移。


Kafka 使用 Compact 策略来删除位移主题中的过期消息，避免该主题无限期膨胀。

Kafka 提供了专门的后台线程定期地巡检待 Compact 的主题，看看是否存在满足条件的可删除数据。这个后台线程叫 Log Cleaner。很多实际生产环境中都出现过位移主题无限膨胀占用过多磁盘空间的问题，如果你的环境中也有这个问题，我建议你去检查一下 Log Cleaner 线程的状态，通常都是这个线程挂掉了导致的。

如果你选择的是自动提交位移，那么就可能存在一个问题：只要 Consumer 一直启动着，它就会无限期地向位移主题写入消息。
Kafka 使用 Compact 策略来删除位移主题中的过期消息，避免该主题无限期膨胀。

Kafka 提供了专门的后台线程定期地巡检待 Compact 的主题，看看是否存在满足条件的可删除数据。这个后台线程叫 Log Cleaner。很多实际生产环境中都出现过位移主题无限膨胀占用过多磁盘空间的问题，如果你的环境中也有这个问题，我建议你去检查一下 Log Cleaner 线程的状态，通常都是这个线程挂掉了导致的。

Rebalance 就是让一个 Consumer Group 下所有的 Consumer 实例就如何消费订阅主题的所有分区达成共识的过程。在 Rebalance 过程中，所有 Consumer 实例共同参与，在协调者组件的帮助下，完成订阅主题分区的分配。但是，在整个过程中，所有实例都不能消费任何消息，因此它对 Consumer 的 TPS 影响很大。

所谓协调者，在 Kafka 中对应的术语是 Coordinator，它专门为 Consumer Group 服务，负责为 Group 执行 Rebalance 以及提供位移管理和组成员管理等。
具体来讲，Consumer 端应用程序在提交位移时，其实是向 Coordinator 所在的 Broker 提交位移。同样地，当 Consumer 应用启动时，也是向 Coordinator 所在的 Broker 发送各种请求，然后由 Coordinator 负责执行消费者组的注册、成员管理记录等元数据管理操作。

所有 Broker 在启动时，都会创建和开启相应的 Coordinator 组件。也就是说，所有 Broker 都有各自的 Coordinator 组件。那么，Consumer Group 如何确定为它服务的 Coordinator 在哪台 Broker 上呢？答案就在我们之前说过的 Kafka 内部位移主题 __consumer_offsets 身上。
目前，Kafka 为某个 Consumer Group 确定 Coordinator 所在的 Broker 的算法有 2 个步骤。
第 1 步：确定由位移主题的哪个分区来保存该 Group 数据：partitionId=Math.abs(groupId.hashCode() % offsetsTopicPartitionCount)。
第 2 步：找出该分区 Leader 副本所在的 Broker，该 Broker 即为对应的 Coordinator。

定位问题。当 Consumer Group 出现问题，需要快速排查 Broker 端日志时，我们能够根据这个算法准确定位 Coordinator 对应的 Broker，不必一台 Broker 一台 Broker 地盲查。

Rebalance 的弊端是什么呢？总结起来有以下 3 点：
Rebalance 影响 Consumer 端 TPS。这个之前也反复提到了，这里就不再具体讲了。总之就是，在 Rebalance 期间，Consumer 会停下手头的事情，什么也干不了。
Rebalance 很慢。如果你的 Group 下成员很多，就一定会有这样的痛点。还记得我曾经举过的那个国外用户的例子吧？他的 Group 下有几百个 Consumer 实例，Rebalance 一次要几个小时。在那种场景下，Consumer Group 的 Rebalance 已经完全失控了。
Rebalance 效率不高。当前 Kafka 的设计机制决定了每次 Rebalance 时，Group 下的所有成员都要参与进来，而且通常不会考虑局部性原理，但局部性原理对提升系统性能是特别重要的。

Rebalance 发生的时机有三个：
组成员数量发生变化
订阅主题数量发生变化
订阅主题的分区数发生变化

Coordinator 会在什么情况下认为某个 Consumer 实例已挂从而要退组呢？这个绝对是需要好好讨论的话题，我们来详细说说。
当 Consumer Group 完成 Rebalance 之后，每个 Consumer 实例都会定期地向 Coordinator 发送心跳请求，表明它还存活着。如果某个 Consumer 实例不能及时地发送这些心跳请求，Coordinator 就会认为该 Consumer 已经“死”了，从而将其从 Group 中移除，然后开启新一轮 Rebalance。Consumer 端有个参数，叫 session.timeout.ms，就是被用来表征此事的。该参数的默认值是 10 秒，即如果 Coordinator 在 10 秒之内没有收到 Group 下某 Consumer 实例的心跳，它就会认为这个 Consumer 实例已经挂了。可以这么说，session.timeout.ms 决定了 Consumer 存活性的时间间隔。
除了这个参数，Consumer 还提供了一个允许你控制发送心跳请求频率的参数，就是 heartbeat.interval.ms。这个值设置得越小，Consumer 实例发送心跳请求的频率就越高。频繁地发送心跳请求会额外消耗带宽资源，但好处是能够更加快速地知晓当前是否开启 Rebalance，因为，目前 Coordinator 通知各个 Consumer 实例开启 Rebalance 的方法，就是将 REBALANCE_NEEDED 标志封装进心跳请求的响应体中。
除了以上两个参数，Consumer 端还有一个参数，用于控制 Consumer 实际消费能力对 Rebalance 的影响，即 max.poll.interval.ms 参数。它限定了 Consumer 端应用程序两次调用 poll 方法的最大时间间隔。它的默认值是 5 分钟，表示你的 Consumer 程序如果在 5 分钟之内无法消费完 poll 方法返回的消息，那么 Consumer 会主动发起“离开组”的请求，Coordinator 也会开启新一轮 Rebalance。

第一类非必要 Rebalance 是因为未能及时发送心跳，导致 Consumer 被“踢出”Group 而引发的。因此，你需要仔细地设置 session.timeout.ms 和 heartbeat.interval.ms 的值。我在这里给出一些推荐数值，你可以“无脑”地应用在你的生产环境中。
设置 session.timeout.ms = 6s。
设置 heartbeat.interval.ms = 2s。
要保证 Consumer 实例在被判定为“dead”之前，能够发送至少 3 轮的心跳请求，即 session.timeout.ms >= 3 * heartbeat.interval.ms。
将 session.timeout.ms 设置成 6s 主要是为了让 Coordinator 能够更快地定位已经挂掉的 Consumer。毕竟，我们还是希望能尽快揪出那些“尸位素餐”的 Consumer，早日把它们踢出 Group。希望这份配置能够较好地帮助你规避第一类“不必要”的 Rebalance。
第二类非必要 Rebalance 是 Consumer 消费时间过长导致的。我之前有一个客户，在他们的场景中，Consumer 消费数据时需要将消息处理之后写入到 MongoDB。显然，这是一个很重的消费逻辑。MongoDB 的一丁点不稳定都会导致 Consumer 程序消费时长的增加。此时，max.poll.interval.ms 参数值的设置显得尤为关键。如果要避免非预期的 Rebalance，你最好将该参数值设置得大一点，比你的下游最大处理时间稍长一点。就拿 MongoDB 这个例子来说，如果写 MongoDB 的最长时间是 7 分钟，那么你可以将该参数设置为 8 分钟左右。
总之，你要为你的业务处理逻辑留下充足的时间。这样，Consumer 就不会因为处理这些消息的时间太长而引发 Rebalance 了。
如果你按照上面的推荐数值恰当地设置了这几个参数，却发现还是出现了 Rebalance，那么我建议你去排查一下 Consumer 端的 GC 表现，比如是否出现了频繁的 Full GC 导致的长时间停顿，从而引发了 Rebalance。为什么特意说 GC？那是因为在实际场景中，我见过太多因为 GC 设置不合理导致程序频发 Full GC 而引发的非预期 Rebalance 了。


Consumer 需要向 Kafka 汇报自己的位移数据，这个汇报过程被称为提交位移（Committing Offsets）。因为 Consumer 能够同时消费多个分区的数据，所以位移的提交实际上是在分区粒度上进行的，即 Consumer 需要为分配给它的每个分区提交各自的位移数据。
提交位移主要是为了表征 Consumer 的消费进度，这样当 Consumer 发生故障重启之后，就能够从 Kafka 中读取之前提交的位移值，然后从相应的位移处继续消费，从而避免整个消费过程重来一遍。

因为位移提交非常灵活，你完全可以提交任何位移值，但由此产生的后果你也要一并承担。
假设你的 Consumer 消费了 10 条消息，你提交的位移值却是 20，那么从理论上讲，位移介于 11～19 之间的消息是有可能丢失的；

从用户的角度来说，位移提交分为自动提交和手动提交；从 Consumer 端的角度来说，位移提交分为同步提交和异步提交。

开启自动提交位移的方法很简单。Consumer 端有个参数 enable.auto.commit，把它设置为 true 或者压根不设置它就可以了。因为它的默认值就是 true，即 Java Consumer 默认就是自动提交位移的。如果启用了自动提交，Consumer 端还有个参数就派上用场了：auto.commit.interval.ms。它的默认值是 5 秒，表明 Kafka 每 5 秒会为你自动提交一次位移。

自动提交位移的顺序。
一旦设置了 enable.auto.commit 为 true，Kafka 会保证在开始调用 poll 方法时，提交上次 poll 返回的所有消息。从顺序上来说，poll 方法的逻辑是先提交上一批消息的位移，再处理下一批消息，因此它能保证不出现消费丢失的情况。但自动提交位移的一个问题在于，它可能会出现重复消费。
在默认情况下，Consumer 每 5 秒自动提交一次位移。现在，我们假设提交位移之后的 3 秒发生了 Rebalance 操作。在 Rebalance 之后，所有 Consumer 从上一次提交的位移处继续消费，但该位移已经是 3 秒前的位移数据了，故在 Rebalance 发生前 3 秒消费的所有数据都要重新再消费一次。虽然你能够通过减少 auto.commit.interval.ms 的值来提高提交频率，但这么做只能缩小重复消费的时间窗口，不可能完全消除它。这是自动提交机制的一个缺陷。

手动提交位移，它的好处就在于更加灵活，你完全能够把控位移提交的时机和频率。但是，它也有一个缺陷，就是在调用 commitSync() 时，Consumer 程序会处于阻塞状态，直到远端的 Broker 返回提交结果，这个状态才会结束。在任何系统中，因为程序而非资源限制而导致的阻塞都可能是系统的瓶颈，会影响整个应用程序的 TPS。

Standalone Consumer 的独立消费者。它没有消费者组的概念，每个消费者实例都是独立工作的，彼此之间毫无联系。不过，你需要注意的是，独立消费者的位移提交机制和消费者组是一样的，因此独立消费者的位移提交也必须遵守之前说的那些规定，比如独立消费者也要指定 group.id 参数才能提交位移。

从 Kafka 0.10.1.0 版本开始，KafkaConsumer 就变为了双线程的设计，即用户主线程和心跳线程。
所谓用户主线程，就是你启动 Consumer 应用程序 main 方法的那个线程，而新引入的心跳线程（Heartbeat Thread）只负责定期给对应的 Broker 机器发送心跳请求，以标识消费者应用的存活性（liveness）。引入这个心跳线程还有一个目的，那就是期望它能将心跳频率与主线程调用 KafkaConsumer.poll 方法的频率分开，从而解耦真实的消息处理逻辑与消费者组成员存活性管理。

鉴于 KafkaConsumer 不是线程安全的事实，我们能够制定两套多线程方案。
1.消费者程序启动多个线程，每个线程维护专属的 KafkaConsumer 实例，负责完整的消息获取、消息处理流程。
2.消费者程序使用单或多线程获取消息，同时创建多个消费线程执行消息处理逻辑。获取消息的线程可以是一个，也可以是多个，每个线程维护专属的 KafkaConsumer 实例，处理消息则交由特定的线程池来做，从而实现消息获取与消息处理的真正解耦。

何时创建 TCP 连接？
我们先从消费者创建 TCP 连接开始讨论。消费者端主要的程序入口是 KafkaConsumer 类。和生产者不同的是，构建 KafkaConsumer 实例时是不会创建任何 TCP 连接的，也就是说，当你执行完 new KafkaConsumer(properties) 语句后，你会发现，没有 Socket 连接被创建出来。这一点和 Java 生产者是有区别的，主要原因就是生产者入口类 KafkaProducer 在构建实例的时候，会在后台默默地启动一个 Sender 线程，这个 Sender 线程负责 Socket 连接的创建。

TCP 连接是在调用 KafkaConsumer.poll 方法时被创建的。再细粒度地说，在 poll 方法内部有 3 个时机可以创建 TCP 连接。
1.发起 FindCoordinator 请求时。
协调者（Coordinator），它驻留在 Broker 端的内存中，负责消费者组的组成员管理和各个消费者的位移提交管理。当消费者程序首次启动调用 poll 方法时，它需要向 Kafka 集群发送一个名为 FindCoordinator 的请求，希望 Kafka 集群告诉它哪个 Broker 是管理它的协调者。
社区做了一点点优化：消费者程序会向集群中当前负载最小的那台 Broker 发送请求。负载是如何评估的呢？其实很简单，就是看消费者连接的所有 Broker 中，谁的待发送请求最少。当然了，这种评估显然是消费者端的单向评估，并非是站在全局角度，因此有的时候也不一定是最优解。
2.连接协调者时。
Broker 处理完上一步发送的 FindCoordinator 请求之后，会返还对应的响应结果（Response），显式地告诉消费者哪个 Broker 是真正的协调者，因此在这一步，消费者知晓了真正的协调者后，会创建连向该 Broker 的 Socket 连接。只有成功连入协调者，协调者才能开启正常的组协调操作，比如加入组、等待组分配方案、心跳请求处理、位移获取、位移提交等。
3.消费数据时。
消费者会为每个要消费的分区创建与该分区领导者副本所在 Broker 连接的 TCP。假设消费者要消费 5 个分区的数据，这 5 个分区各自的领导者副本分布在 4 台 Broker 上，那么该消费者在消费时会创建与这 4 台 Broker 的 Socket 连接。

消费者程序会创建 3 类 TCP 连接：
1.确定协调者和获取集群元数据。
2.连接协调者，令其执行组成员管理操作。
3.执行实际的消息获取。

当第三类 TCP 连接成功创建后，消费者程序就会废弃第一类 TCP 连接，之后在定期请求元数据时，它会改为使用第三类 TCP 连接。也就是说，最终你会发现，第一类 TCP 连接会在后台被默默地关闭掉。对一个运行了一段时间的消费者程序来说，只会有后面两类 TCP 连接存在。

第一类 TCP 连接仅仅是为了首次获取元数据而创建的，后面就会被废弃掉。最根本的原因是，消费者在启动时还不知道 Kafka 集群的信息，只能使用一个“假”的 ID 去注册，即使消费者获取了真实的 Broker ID，它依旧无法区分这个“假”ID 对应的是哪台 Broker，因此也就无法重用这个 Socket 连接，只能再重新创建一个新的连接。
为什么会出现这种情况呢？主要是因为目前 Kafka 仅仅使用 ID 这一个维度的数据来表征 Socket 连接信息。


滞后程度，就是指消费者当前落后于生产者的程度，专门的名称：消费者 Lag 或 Consumer Lag

对消费者而言，Lag 应该算是最最重要的监控指标了。它直接反映了一个消费者的运行情况。一个正常工作的消费者，它的 Lag 值应该很小，甚至是接近于 0 的，这表示该消费者能够及时地消费生产者生产出来的消息，滞后程度很小。反之，如果一个消费者 Lag 值很大，通常就表明它无法跟上生产者的速度，最终 Lag 会越来越大，从而拖慢下游消息的处理速度。

由于消费者的速度无法匹及生产者的速度，极有可能导致它消费的数据已经不在操作系统的页缓存中了。这样的话，消费者就不得不从磁盘上读取它们，这就进一步拉大了与生产者的差距，进而出现马太效应，即那些 Lag 原本就很大的消费者会越来越慢，Lag 也会越来越大。

但和消费者组调用 KafkaConsumer.subscribe() 不同的是，独立消费者调用 KafkaConsumer.assign() 方法直接消费指定分区。


$ bin/kafka-consumer-groups.sh --bootstrap-server <Kafka broker连接信息> --describe --group <group名称>
Kafka 连接信息就是 < 主机名：端口 > 对，而 group 名称就是你的消费者程序中设置的 group.id 值。
它会按照消费者组订阅主题的分区进行展示，每个分区一行数据；其次，除了主题、分区等信息外，它会汇报每个分区当前最新生产的消息的位移值（即 LOG-END-OFFSET 列值）、该消费者组当前最新消费消息的位移值（即 CURRENT-OFFSET 值）、LAG 值（前两者的差值）、消费者实例 ID、消费者连接 Broker 的主机名以及消费者的 CLIENT-ID 信息。

Kafka 是有主题概念的，而每个主题又进一步划分成若干个分区。副本的概念实际上是在分区层级下定义的，每个分区配置有若干个副本。
所谓副本（Replica），本质就是一个只能追加写消息的提交日志。根据 Kafka 副本机制的定义，同一个分区下的所有副本保存有相同的消息序列，这些副本分散保存在不同的 Broker 上，从而能够对抗部分 Broker 宕机带来的数据不可用。
在实际生产环境中，每台 Broker 都可能保存有各个主题下不同分区的不同副本，因此，单个 Broker 上存有成百上千个副本的现象是非常正常的。

我们该如何确保副本中所有的数据都是一致的呢？特别是对 Kafka 而言，当生产者发送消息到某个主题后，消息是如何同步到对应的所有副本中的呢？针对这个问题，最常见的解决方案就是采用基于领导者（Leader-based）的副本机制。
第一，在 Kafka 中，副本分成两类：领导者副本（Leader Replica）和追随者副本（Follower Replica）。每个分区在创建时都要选举一个副本，称为领导者副本，其余的副本自动称为追随者副本。
第二，Kafka 的副本机制比其他分布式系统要更严格一些。在 Kafka 中，追随者副本是不对外提供服务的。这就是说，任何一个追随者副本都不能响应消费者和生产者的读写请求。所有的请求都必须由领导者副本来处理，或者说，所有的读写请求都必须发往领导者副本所在的 Broker，由该 Broker 负责处理。追随者副本不处理客户端请求，它唯一的任务就是从领导者副本异步拉取消息，并写入到自己的提交日志中，从而实现与领导者副本的同步。

第三，当领导者副本挂掉了，或者说领导者副本所在的 Broker 宕机时，Kafka 依托于 ZooKeeper 提供的监控功能能够实时感知到，并立即开启新一轮的领导者选举，从追随者副本中选一个作为新的领导者。老 Leader 副本重启回来后，只能作为追随者副本加入到集群中。
特别注意，即追随者副本是不对外提供服务的。

副本机制有两个方面的好处
1.方便实现“Read-your-writes”。
当你使用生产者 API 向 Kafka 成功写入消息后，马上使用消费者 API 去读取刚才生产的消息.如果允许追随者副本对外提供服务，由于副本同步是异步的，因此有可能出现追随者副本还没有从领导者副本那里拉取到最新的消息，从而使得客户端看不到最新写入的消息。
2.方便实现单调读（Monotonic Reads）。
什么是单调读呢？就是对于一个消费者用户而言，在多次消费消息时，它不会看到某条消息一会儿存在一会儿不存在。
如果允许追随者副本提供读服务，那么假设当前有 2 个追随者副本 F1 和 F2，它们异步地拉取领导者副本数据。倘若 F1 拉取了 Leader 的最新消息而 F2 还未及时拉取，那么，此时如果有一个消费者先从 F1 读取消息之后又从 F2 拉取消息，它可能会看到这样的现象：第一次消费时看到的最新消息在第二次消费时不见了，这就不是单调读一致性。但是，如果所有的读请求都是由 Leader 来处理，那么 Kafka 就很容易实现单调读一致性。

In-sync Replicas（ISR）
追随者副本不提供服务，只是定期地异步拉取领导者副本中的数据而已。既然是异步的，就存在着不可能与 Leader 实时同步的风险。
 ISR 副本集合。ISR 中的副本都是与 Leader 同步的副本，相反，不在 ISR 中的追随者副本就被认为是与 Leader 不同步的。
Leader 副本天然就在 ISR 中。也就是说，ISR 不只是追随者副本集合，它必然包括 Leader 副本。甚至在某些情况下，ISR 只有 Leader 这一个副本。

这个标准就是 Broker 端参数 replica.lag.time.max.ms 参数值。这个参数的含义是 Follower 副本能够落后 Leader 副本的最长时间间隔，当前默认值是 10 秒。这就是说，只要一个 Follower 副本落后 Leader 副本的时间不连续超过 10 秒，那么 Kafka 就认为该 Follower 副本与 Leader 是同步的，即使此时 Follower 副本中保存的消息明显少于 Leader 副本中的消息。

Follower 副本唯一的工作就是不断地从 Leader 副本拉取消息，然后写入到自己的提交日志中。如果这个同步过程的速度持续慢于 Leader 副本的消息写入速度，那么在 replica.lag.time.max.ms 时间后，此 Follower 副本就会被认为是与 Leader 副本不同步的，因此不能再放入 ISR 中。此时，Kafka 会自动收缩 ISR 集合，将该副本“踢出”ISR。
ISR 是一个动态调整的集合，而非静态不变的。

Unclean 领导者选举（Unclean Leader Election）
出现这样的情形：ISR 为空。因为 Leader 副本天然就在 ISR 中，如果 ISR 为空了，就说明 Leader 副本也“挂掉”了，Kafka 需要重新选举一个新的 Leader。可是 ISR 是空，此时该怎么选举新 Leader 呢？
Kafka 把所有不在 ISR 中的存活副本都称为非同步副本。通常来说，非同步副本落后 Leader 太多，因此，如果选择这些副本作为新 Leader，就可能出现数据的丢失。毕竟，这些副本中保存的消息远远落后于老 Leader 中的消息。在 Kafka 中，选举这种副本的过程称为 Unclean 领导者选举。Broker 端参数 unclean.leader.election.enable 控制是否允许 Unclean 领导者选举。
开启 Unclean 领导者选举可能会造成数据丢失，但好处是，它使得分区 Leader 副本一直存在，不至于停止对外提供服务，因此提升了高可用性。反之，禁止 Unclean 领导者选举的好处在于维护了数据的一致性，避免了消息丢失，但牺牲了高可用性
建议你不要开启Unclean 领导者选举

社区最近正在考虑是否要打破这个限制，即允许 Follower 副本处理客户端消费者发来的请求。社区主要的考量是，这能够用于改善云上数据的局部性，更好地服务地理位置相近的客户。如果允许 Follower 副本对外提供读服务，你觉得应该如何避免或缓解因 Follower 副本与 Leader 副本不同步而导致的数据不一致的情形？

在分区高水位以下的消息被认为是已提交消息，反之就是未提交消息。消费者只能消费已提交消息

日志末端位移的概念，即 Log End Offset，简写是 LEO。它表示副本写入下一条消息的位移值

Kafka 使用 Leader 副本的高水位来定义所在分区的高水位。换句话说，分区的高水位就是其 Leader 副本的高水位。

每个副本对象都保存了一组高水位值和 LEO 值































